#
# A fatal error has been detected by the Java Runtime Environment:
#
#  EXCEPTION_ACCESS_VIOLATION (0xc0000005) at pc=0x000022e200000e06, pid=20772, tid=48712
#
# JRE version: Java(TM) SE Runtime Environment (8.0_51-b16) (build 1.8.0_51-b16)
# Java VM: Java HotSpot(TM) 64-Bit Server VM (25.51-b03 mixed mode windows-amd64 compressed oops)
# Problematic frame:
# C  0x000022e200000e06
#
# Failed to write core dump. Minidumps are not enabled by default on client versions of Windows
#
# If you would like to submit a bug report, please visit:
#   http://bugreport.java.com/bugreport/crash.jsp
#

---------------  T H R E A D  ---------------

Current thread (0x0000000002c36800):  GCTaskThread [stack: 0x0000000013e40000,0x0000000013f40000] [id=48712]

siginfo: ExceptionCode=0xc0000005, ExceptionInformation=0x0000000000000008 0x000022e200000e06

Registers:
RAX=0x00000007515a9701, RBX=0x00000007515a96c4, RCX=0x0000000000000003, RDX=0x000000072ab00000
RSP=0x0000000013f3f638, RBP=0x0000000012116c81, RSI=0x0000000025160c40, RDI=0x0000000608d8aa18
R8 =0x00000007515a9710, R9 =0x00000000ea2b52df, R10=0x000000000000000c, R11=0x000000000000000c
R12=0x0000000012116c4d, R13=0x0000000025160c00, R14=0x0000000000000000, R15=0x0000000002c220b0
RIP=0x000022e200000e06, EFLAGS=0x0000000000010202

Top of Stack: (sp=0x0000000013f3f638)
0x0000000013f3f638:   00007ffcb9e41a5e 0000000000000009
0x0000000013f3f648:   0000000000000003 0000000025160c40
0x0000000013f3f658:   00007ffcb9e41a5e 0000000607d4ecd4
0x0000000013f3f668:   0000000072572dd7 0000000025160c40
0x0000000013f3f678:   0000000072570fd3 0000000608d8a5f5
0x0000000013f3f688:   0000000608d8a5f5 0000000608d8a968
0x0000000013f3f698:   0000000072572dd7 0000000002c21ef0
0x0000000013f3f6a8:   0000000025160c40 0000000012116c4d
0x0000000013f3f6b8:   0000000608d8aa18 0000000608d8aa00
0x0000000013f3f6c8:   0000000012116c81 0000000012116c55
0x0000000013f3f6d8:   00000000728488af 0000000012116c55
0x0000000013f3f6e8:   0000000012116c81 0000000608d8aa00
0x0000000013f3f6f8:   00000007515a96c5 0000000012116a00
0x0000000013f3f708:   0000000012118817 0000000000000500
0x0000000013f3f718:   0000000000000200 0000000002c12d60
0x0000000013f3f728:   0000000002c25d00 0000000072aa6248 

Instructions: (pc=0x000022e200000e06)
0x000022e200000de6:   
[error occurred during error reporting (printing registers, top of stack, instructions near pc), id 0xc0000005]

Register to memory mapping:

RAX=0x00000007515a9701 is an unknown value
RBX=0x00000007515a96c4 is an unknown value
RCX=0x0000000000000003 is an unknown value
RDX=0x000000072ab00000 is an oop
[Ljava.util.HashMap$Node; 
 - klass: 'java/util/HashMap$Node'[]
 - length: 8
RSP=0x0000000013f3f638 is an unknown value
RBP=0x0000000012116c81 is an unknown value
RSI=0x0000000025160c40 is an unknown value
RDI=0x0000000608d8aa18 is an oop
java.lang.Object 
 - klass: 'java/lang/Object'
R8 =0x00000007515a9710 is an oop
[Lcom.google.common.collect.ImmutableMapEntry; 
 - klass: 'com/google/common/collect/ImmutableMapEntry'[]
 - length: 2
R9 =0x00000000ea2b52df is an unknown value
R10=0x000000000000000c is an unknown value
R11=0x000000000000000c is an unknown value
R12=0x0000000012116c4d is an unknown value
R13=0x0000000025160c00 is an unknown value
R14=0x0000000000000000 is an unknown value
R15=0x0000000002c220b0 is an unknown value


Stack: [0x0000000013e40000,0x0000000013f40000],  sp=0x0000000013f3f638,  free space=1021k
Native frames: (J=compiled Java code, j=interpreted, Vv=VM code, C=native code)
C  0x000022e200000e06


---------------  P R O C E S S  ---------------

Java Threads: ( => current thread )
  0x0000000035ea6000 JavaThread "Worker-Bootstrap-7" daemon [_thread_blocked, id=21228, stack(0x000000003a3f0000,0x000000003a4f0000)]
  0x0000000035eab000 JavaThread "Worker-Bootstrap-6" daemon [_thread_blocked, id=53064, stack(0x00000000381b0000,0x00000000382b0000)]
  0x0000000035ea5000 JavaThread "Worker-Bootstrap-5" daemon [_thread_blocked, id=48796, stack(0x0000000037090000,0x0000000037190000)]
  0x0000000035ea9800 JavaThread "Worker-Bootstrap-4" daemon [_thread_blocked, id=50252, stack(0x0000000036bf0000,0x0000000036cf0000)]
  0x0000000035eaa800 JavaThread "Worker-Bootstrap-3" daemon [_thread_blocked, id=43316, stack(0x0000000033800000,0x0000000033900000)]
  0x00000000363a5800 JavaThread "Worker-Bootstrap-2" daemon [_thread_blocked, id=47904, stack(0x0000000031080000,0x0000000031180000)]
  0x00000000361ef000 JavaThread "Worker-Bootstrap-1" daemon [_thread_blocked, id=41172, stack(0x0000000030ec0000,0x0000000030fc0000)]
  0x0000000035dbb800 JavaThread "pool-3-thread-1" [_thread_blocked, id=31668, stack(0x0000000036f90000,0x0000000037090000)]
  0x000000003322d800 JavaThread "pool-2-thread-1" daemon [_thread_blocked, id=24756, stack(0x0000000030970000,0x0000000030a70000)]
  0x000000002813f800 JavaThread "Thread-3" daemon [_thread_blocked, id=49424, stack(0x0000000031270000,0x0000000031370000)]
  0x00000000275f6000 JavaThread "Thread-2" daemon [_thread_in_native, id=44448, stack(0x0000000029200000,0x0000000029300000)]
  0x0000000027962800 JavaThread "Thread-1" daemon [_thread_blocked, id=12004, stack(0x0000000029100000,0x0000000029200000)]
  0x0000000027b60000 JavaThread "ForkJoinPool.commonPool-worker-9" daemon [_thread_blocked, id=49648, stack(0x0000000028a00000,0x0000000028b00000)]
  0x000000002521c800 JavaThread "Service Thread" daemon [_thread_blocked, id=35916, stack(0x0000000026af0000,0x0000000026bf0000)]
  0x00000000251a2800 JavaThread "C1 CompilerThread3" daemon [_thread_blocked, id=38300, stack(0x00000000269f0000,0x0000000026af0000)]
  0x00000000251a1800 JavaThread "C2 CompilerThread2" daemon [_thread_blocked, id=54836, stack(0x00000000268f0000,0x00000000269f0000)]
  0x0000000025197800 JavaThread "C2 CompilerThread1" daemon [_thread_blocked, id=38308, stack(0x00000000267f0000,0x00000000268f0000)]
  0x0000000025193800 JavaThread "C2 CompilerThread0" daemon [_thread_blocked, id=48820, stack(0x00000000266f0000,0x00000000267f0000)]
  0x0000000025193000 JavaThread "Attach Listener" daemon [_thread_blocked, id=43444, stack(0x00000000265f0000,0x00000000266f0000)]
  0x0000000025192000 JavaThread "Signal Dispatcher" daemon [_thread_blocked, id=48540, stack(0x00000000264f0000,0x00000000265f0000)]
  0x0000000023ac1800 JavaThread "Finalizer" daemon [_thread_blocked, id=35772, stack(0x00000000263f0000,0x00000000264f0000)]
  0x0000000002d0e800 JavaThread "Reference Handler" daemon [_thread_blocked, id=32516, stack(0x00000000262f0000,0x00000000263f0000)]
  0x0000000002c14800 JavaThread "main" [_thread_blocked, id=48376, stack(0x0000000002b10000,0x0000000002c10000)]

Other Threads:
  0x0000000002d0c800 VMThread [stack: 0x00000000261f0000,0x00000000262f0000] [id=48032]
  0x00000000251b9800 WatcherThread [stack: 0x0000000026bf0000,0x0000000026cf0000] [id=53572]

=>0x0000000002c36800 (exited) GCTaskThread [stack: 0x0000000013e40000,0x0000000013f40000] [id=48712]

VM state:at safepoint (normal execution)

VM Mutex/Monitor currently owned by a thread:  ([mutex/lock_event])
[0x0000000002c11d50] Threads_lock - owner thread: 0x0000000002d0c800
[0x0000000002c12ae0] Heap_lock - owner thread: 0x0000000035dbb800

Heap:
 PSYoungGen      total 664576K, used 650606K [0x000000072ab00000, 0x0000000756f00000, 0x00000007c0000000)
  eden space 631808K, 100% used [0x000000072ab00000,0x0000000751400000,0x0000000751400000)
  from space 32768K, 57% used [0x0000000754f00000,0x000000075615b840,0x0000000756f00000)
  to   space 46592K, 99% used [0x0000000751400000,0x000000075417c0d8,0x0000000754180000)
 ParOldGen       total 266240K, used 159927K [0x0000000600000000, 0x0000000610400000, 0x000000072ab00000)
  object space 266240K, 60% used [0x0000000600000000,0x0000000609c3dd28,0x0000000610400000)
 Metaspace       used 53446K, capacity 58638K, committed 58752K, reserved 1099776K
  class space    used 7058K, capacity 8291K, committed 8320K, reserved 1048576K

Card table byte_map: [0x00000000120d0000,0x0000000012ee0000] byte_map_base: 0x000000000f0d0000

Marking Bits: (ParMarkBitMap*) 0x0000000072c64040
 Begin Bits: [0x0000000014240000, 0x000000001b240000)
 End Bits:   [0x000000001b240000, 0x0000000022240000)

Polling page: 0x00000000028f0000

CodeCache: size=245760Kb used=26703Kb max_used=27382Kb free=219056Kb
 bounds [0x0000000002d10000, 0x00000000047f0000, 0x0000000011d10000]
 total_blobs=9710 nmethods=8464 adapters=1157
 compilation: enabled

Compilation events (10 events):
Event: 13.486 Thread 0x0000000025197800 nmethod 10035 0x0000000004190190 code [0x00000000041902c0, 0x0000000004190338]
Event: 13.486 Thread 0x00000000251a2800 10036       1       net.minecraft.util.datafix.TypeReferences::func_211281_c (3 bytes)
Event: 13.486 Thread 0x00000000251a2800 nmethod 10036 0x0000000003c06590 code [0x0000000003c066e0, 0x0000000003c067d0]
Event: 13.491 Thread 0x00000000251a2800 10037       3       com.mojang.datafixers.types.templates.CompoundList::equals (30 bytes)
Event: 13.491 Thread 0x00000000251a2800 nmethod 10037 0x00000000042969d0 code [0x0000000004296b60, 0x0000000004297128]
Event: 13.492 Thread 0x00000000251a1800 10038       4       com.mojang.datafixers.types.templates.Product$ProductType::equals (55 bytes)
Event: 13.496 Thread 0x00000000251a1800 nmethod 10038 0x0000000003ccb190 code [0x0000000003ccb320, 0x0000000003ccb898]
Event: 13.499 Thread 0x0000000025193800 10039       4       org.objectweb.asm.tree.LdcInsnNode::accept (14 bytes)
Event: 13.499 Thread 0x0000000025197800 10040       4       org.objectweb.asm.MethodWriter::visitLdcInsn (215 bytes)
Event: 13.507 Thread 0x0000000025197800 nmethod 10040 0x0000000003f00450 code [0x0000000003f005e0, 0x0000000003f00fb8]

GC Heap History (10 events):
Event: 7.748 GC heap after
Heap after GC invocations=14 (full 2):
 PSYoungGen      total 421888K, used 14704K [0x000000072ab00000, 0x0000000748080000, 0x00000007c0000000)
  eden space 377344K, 0% used [0x000000072ab00000,0x000000072ab00000,0x0000000741b80000)
  from space 44544K, 33% used [0x0000000745500000,0x000000074635c058,0x0000000748080000)
  to   space 51712K, 0% used [0x0000000741b80000,0x0000000741b80000,0x0000000744e00000)
 ParOldGen       total 266240K, used 98571K [0x0000000600000000, 0x0000000610400000, 0x000000072ab00000)
  object space 266240K, 37% used [0x0000000600000000,0x0000000606042d88,0x0000000610400000)
 Metaspace       used 36066K, capacity 39135K, committed 39296K, reserved 1083392K
  class space    used 4339K, capacity 5140K, committed 5248K, reserved 1048576K
}
Event: 8.451 GC heap before
{Heap before GC invocations=15 (full 2):
 PSYoungGen      total 421888K, used 392048K [0x000000072ab00000, 0x0000000748080000, 0x00000007c0000000)
  eden space 377344K, 100% used [0x000000072ab00000,0x0000000741b80000,0x0000000741b80000)
  from space 44544K, 33% used [0x0000000745500000,0x000000074635c058,0x0000000748080000)
  to   space 51712K, 0% used [0x0000000741b80000,0x0000000741b80000,0x0000000744e00000)
 ParOldGen       total 266240K, used 98571K [0x0000000600000000, 0x0000000610400000, 0x000000072ab00000)
  object space 266240K, 37% used [0x0000000600000000,0x0000000606042d88,0x0000000610400000)
 Metaspace       used 36224K, capacity 39307K, committed 39552K, reserved 1083392K
  class space    used 4353K, capacity 5162K, committed 5248K, reserved 1048576K
Event: 8.468 GC heap after
Heap after GC invocations=15 (full 2):
 PSYoungGen      total 429056K, used 12692K [0x000000072ab00000, 0x000000074fc00000, 0x00000007c0000000)
  eden space 377344K, 0% used [0x000000072ab00000,0x000000072ab00000,0x0000000741b80000)
  from space 51712K, 24% used [0x0000000741b80000,0x00000007427e5098,0x0000000744e00000)
  to   space 51200K, 0% used [0x000000074ca00000,0x000000074ca00000,0x000000074fc00000)
 ParOldGen       total 266240K, used 112900K [0x0000000600000000, 0x0000000610400000, 0x000000072ab00000)
  object space 266240K, 42% used [0x0000000600000000,0x0000000606e411a0,0x0000000610400000)
 Metaspace       used 36224K, capacity 39307K, committed 39552K, reserved 1083392K
  class space    used 4353K, capacity 5162K, committed 5248K, reserved 1048576K
}
Event: 9.327 GC heap before
{Heap before GC invocations=16 (full 2):
 PSYoungGen      total 429056K, used 390036K [0x000000072ab00000, 0x000000074fc00000, 0x00000007c0000000)
  eden space 377344K, 100% used [0x000000072ab00000,0x0000000741b80000,0x0000000741b80000)
  from space 51712K, 24% used [0x0000000741b80000,0x00000007427e5098,0x0000000744e00000)
  to   space 51200K, 0% used [0x000000074ca00000,0x000000074ca00000,0x000000074fc00000)
 ParOldGen       total 266240K, used 112910K [0x0000000600000000, 0x0000000610400000, 0x000000072ab00000)
  object space 266240K, 42% used [0x0000000600000000,0x0000000606e43b58,0x0000000610400000)
 Metaspace       used 39259K, capacity 42495K, committed 42752K, reserved 1087488K
  class space    used 4742K, capacity 5598K, committed 5632K, reserved 1048576K
Event: 9.345 GC heap after
Heap after GC invocations=16 (full 2):
 PSYoungGen      total 536576K, used 17674K [0x000000072ab00000, 0x000000074f080000, 0x00000007c0000000)
  eden space 497152K, 0% used [0x000000072ab00000,0x000000072ab00000,0x0000000749080000)
  from space 39424K, 44% used [0x000000074ca00000,0x000000074db42928,0x000000074f080000)
  to   space 49152K, 0% used [0x0000000749080000,0x0000000749080000,0x000000074c080000)
 ParOldGen       total 266240K, used 124422K [0x0000000600000000, 0x0000000610400000, 0x000000072ab00000)
  object space 266240K, 46% used [0x0000000600000000,0x0000000607981bb8,0x0000000610400000)
 Metaspace       used 39259K, capacity 42495K, committed 42752K, reserved 1087488K
  class space    used 4742K, capacity 5598K, committed 5632K, reserved 1048576K
}
Event: 10.336 GC heap before
{Heap before GC invocations=17 (full 2):
 PSYoungGen      total 536576K, used 514826K [0x000000072ab00000, 0x000000074f080000, 0x00000007c0000000)
  eden space 497152K, 100% used [0x000000072ab00000,0x0000000749080000,0x0000000749080000)
  from space 39424K, 44% used [0x000000074ca00000,0x000000074db42928,0x000000074f080000)
  to   space 49152K, 0% used [0x0000000749080000,0x0000000749080000,0x000000074c080000)
 ParOldGen       total 266240K, used 124426K [0x0000000600000000, 0x0000000610400000, 0x000000072ab00000)
  object space 266240K, 46% used [0x0000000600000000,0x0000000607982bb0,0x0000000610400000)
 Metaspace       used 41999K, capacity 45267K, committed 45312K, reserved 1089536K
  class space    used 5254K, capacity 6143K, committed 6144K, reserved 1048576K
Event: 10.352 GC heap after
Heap after GC invocations=17 (full 2):
 PSYoungGen      total 546304K, used 10072K [0x000000072ab00000, 0x0000000757e80000, 0x00000007c0000000)
  eden space 497152K, 0% used [0x000000072ab00000,0x000000072ab00000,0x0000000749080000)
  from space 49152K, 20% used [0x0000000749080000,0x0000000749a563a0,0x000000074c080000)
  to   space 48640K, 0% used [0x0000000754f00000,0x0000000754f00000,0x0000000757e80000)
 ParOldGen       total 266240K, used 139924K [0x0000000600000000, 0x0000000610400000, 0x000000072ab00000)
  object space 266240K, 52% used [0x0000000600000000,0x00000006088a5350,0x0000000610400000)
 Metaspace       used 41999K, capacity 45267K, committed 45312K, reserved 1089536K
  class space    used 5254K, capacity 6143K, committed 6144K, reserved 1048576K
}
Event: 11.479 GC heap before
{Heap before GC invocations=18 (full 2):
 PSYoungGen      total 546304K, used 507224K [0x000000072ab00000, 0x0000000757e80000, 0x00000007c0000000)
  eden space 497152K, 100% used [0x000000072ab00000,0x0000000749080000,0x0000000749080000)
  from space 49152K, 20% used [0x0000000749080000,0x0000000749a563a0,0x000000074c080000)
  to   space 48640K, 0% used [0x0000000754f00000,0x0000000754f00000,0x0000000757e80000)
 ParOldGen       total 266240K, used 139924K [0x0000000600000000, 0x0000000610400000, 0x000000072ab00000)
  object space 266240K, 52% used [0x0000000600000000,0x00000006088a5350,0x0000000610400000)
 Metaspace       used 46137K, capacity 49609K, committed 49920K, reserved 1091584K
  class space    used 5862K, capacity 6808K, committed 6912K, reserved 1048576K
Event: 11.493 GC heap after
Heap after GC invocations=18 (full 2):
 PSYoungGen      total 664576K, used 18798K [0x000000072ab00000, 0x0000000756f00000, 0x00000007c0000000)
  eden space 631808K, 0% used [0x000000072ab00000,0x000000072ab00000,0x0000000751400000)
  from space 32768K, 57% used [0x0000000754f00000,0x000000075615b840,0x0000000756f00000)
  to   space 46592K, 0% used [0x0000000751400000,0x0000000751400000,0x0000000754180000)
 ParOldGen       total 266240K, used 148491K [0x0000000600000000, 0x0000000610400000, 0x000000072ab00000)
  object space 266240K, 55% used [0x0000000600000000,0x0000000609102cd0,0x0000000610400000)
 Metaspace       used 46137K, capacity 49609K, committed 49920K, reserved 1091584K
  class space    used 5862K, capacity 6808K, committed 6912K, reserved 1048576K
}
Event: 13.507 GC heap before
{Heap before GC invocations=19 (full 2):
 PSYoungGen      total 664576K, used 650606K [0x000000072ab00000, 0x0000000756f00000, 0x00000007c0000000)
  eden space 631808K, 100% used [0x000000072ab00000,0x0000000751400000,0x0000000751400000)
  from space 32768K, 57% used [0x0000000754f00000,0x000000075615b840,0x0000000756f00000)
  to   space 46592K, 0% used [0x0000000751400000,0x0000000751400000,0x0000000754180000)
 ParOldGen       total 266240K, used 148491K [0x0000000600000000, 0x0000000610400000, 0x000000072ab00000)
  object space 266240K, 55% used [0x0000000600000000,0x0000000609102cd0,0x0000000610400000)
 Metaspace       used 53446K, capacity 58638K, committed 58752K, reserved 1099776K
  class space    used 7058K, capacity 8291K, committed 8320K, reserved 1048576K

Deoptimization events (10 events):
Event: 13.371 Thread 0x0000000035dbb800 Uncommon trap: reason=bimorphic action=maybe_recompile pc=0x00000000047d3aa0 method=com.mojang.datafixers.types.templates.Product$1.apply(I)Lcom/mojang/datafixers/types/Type; @ 33
Event: 13.391 Thread 0x0000000035eaa800 Uncommon trap: reason=class_check action=maybe_recompile pc=0x00000000045b1034 method=com.google.common.collect.ImmutableList.copyOf(Ljava/util/Collection;)Lcom/google/common/collect/ImmutableList; @ 8
Event: 13.396 Thread 0x0000000035eaa800 Uncommon trap: reason=class_check action=maybe_recompile pc=0x00000000045b1034 method=com.google.common.collect.ImmutableList.copyOf(Ljava/util/Collection;)Lcom/google/common/collect/ImmutableList; @ 8
Event: 13.398 Thread 0x0000000035eaa800 Uncommon trap: reason=class_check action=maybe_recompile pc=0x00000000045b1034 method=com.google.common.collect.ImmutableList.copyOf(Ljava/util/Collection;)Lcom/google/common/collect/ImmutableList; @ 8
Event: 13.424 Thread 0x0000000035eaa800 Uncommon trap: reason=unstable_if action=reinterpret pc=0x0000000003cdf8d4 method=com.mojang.datafixers.types.templates.Sum$SumType.hashCode()I @ 4
Event: 13.450 Thread 0x0000000035eaa800 Uncommon trap: reason=unstable_if action=reinterpret pc=0x00000000044031d0 method=net.minecraft.util.ResourceLocation.func_240909_b_(C)Z @ 73
Event: 13.489 Thread 0x0000000035eaa800 Uncommon trap: reason=class_check action=maybe_recompile pc=0x00000000031e271c method=com.mojang.datafixers.types.templates.Product$ProductType.equals(Ljava/lang/Object;ZZ)Z @ 26
Event: 13.489 Thread 0x0000000035eaa800 Uncommon trap: reason=class_check action=maybe_recompile pc=0x00000000031e271c method=com.mojang.datafixers.types.templates.Product$ProductType.equals(Ljava/lang/Object;ZZ)Z @ 26
Event: 13.489 Thread 0x0000000035eaa800 Uncommon trap: reason=class_check action=maybe_recompile pc=0x00000000031e271c method=com.mojang.datafixers.types.templates.Product$ProductType.equals(Ljava/lang/Object;ZZ)Z @ 26
Event: 13.492 Thread 0x0000000035eaa800 Uncommon trap: reason=class_check action=maybe_recompile pc=0x00000000031e271c method=com.mojang.datafixers.types.templates.Product$ProductType.equals(Ljava/lang/Object;ZZ)Z @ 26

Internal exceptions (10 events):
Event: 12.599 Thread 0x0000000035dbb800 Exception <a 'java/lang/IncompatibleClassChangeError': Found class java.lang.Object, but interface was expected> (0x0000000742c20060) thrown at [C:\re\workspace\8-2-build-windows-amd64-cygwin\jdk8u51\3951\hotspot\src\share\vm\interpreter\linkResolver.cpp, 62)@
Event: 12.599 Thread 0x0000000035dbb800 Exception <a 'java/lang/IncompatibleClassChangeError': Found class java.lang.Object, but interface was expected> (0x0000000742c2cb58) thrown at [C:\re\workspace\8-2-build-windows-amd64-cygwin\jdk8u51\3951\hotspot\src\share\vm\interpreter\linkResolver.cpp, +JBM)@
Event: 12.651 Thread 0x0000000035dbb800 Exception <a 'java/lang/NoSuchMethodError': java.lang.Object.lambda$createCodecForExtensibleEnum$0(Ljava/util/function/Supplier;I)Ljava/lang/Enum;> (0x00000007435f60a0) thrown at [C:\re\workspace\8-2-build-windows-amd64-cygwin\jdk8u51\3951\hotspot\src\shar讪N)@
Event: 12.879 Thread 0x0000000035dbb800 Exception <a 'java/lang/NoSuchMethodError': java.lang.Object.remainder()Lcom/mojang/datafixers/types/templates/TypeTemplate;> (0x0000000747c67b68) thrown at [C:\re\workspace\8-2-build-windows-amd64-cygwin\jdk8u51\3951\hotspot\src\share\vm\interpreter\linkRTh)@
Event: 12.890 Thread 0x0000000035dbb800 Exception <a 'java/lang/NoSuchMethodError': java.lang.Object.lambda$taggedChoiceLazy$0(Ljava/util/Map$Entry;)Lcom/mojang/datafixers/util/Pair;> (0x0000000747d93e80) thrown at [C:\re\workspace\8-2-build-windows-amd64-cygwin\jdk8u51\3951\hotspot\src\share\vm`YiR
)@
Event: 12.902 Thread 0x0000000035dbb800 Exception <a 'java/lang/NoSuchMethodError': java.lang.Object.or(Lcom/mojang/datafixers/types/templates/TypeTemplate;Lcom/mojang/datafixers/types/templates/TypeTemplate;)Lcom/mojang/datafixers/types/templates/TypeTemplate;> (0x0000000747ef1500) thrown at [C煊)@
Event: 12.916 Thread 0x0000000035dbb800 Exception <a 'java/lang/NoSuchMethodError': java.lang.Object.lambda$orElse$2(Lcom/mojang/datafixers/functions/PointFreeRule;)Lcom/mojang/datafixers/functions/PointFreeRule;> (0x00000007480ba4c0) thrown at [C:\re\workspace\8-2-build-windows-amd64-cygwin\jdk去;烧)@
Event: 12.918 Thread 0x0000000035dbb800 Exception <a 'java/lang/NoSuchMethodError': java.lang.Object.lambda$once$3(Lcom/mojang/datafixers/functions/PointFreeRule;)Lcom/mojang/datafixers/functions/PointFreeRule;> (0x00000007480eeef8) thrown at [C:\re\workspace\8-2-build-windows-amd64-cygwin\jdk8u
Event: 13.364 Thread 0x00000000361ef000 Exception <a 'java/lang/NoSuchMethodError': java.lang.Object.lambda$taggedChoiceType$1(Lorg/apache/commons/lang3/tuple/Triple;)Lcom/mojang/datafixers/types/Type;> (0x000000074dc72cf0) thrown at [C:\re\workspace\8-2-build-windows-amd64-cygwin\jdk8u51\3951\h悉M=*@
Event: 13.364 Thread 0x0000000035eaa800 Exception <a 'java/lang/NoSuchMethodError': java.lang.Object.lambda$taggedChoiceType$1(Lorg/apache/commons/lang3/tuple/Triple;)Lcom/mojang/datafixers/types/Type;> (0x000000074e151138) thrown at [C:\re\workspace\8-2-build-windows-amd64-cygwin\jdk8u51\3951\h间2)@

Events (10 events):
Event: 13.503 loading class com/mojang/datafixers/Typed done
Event: 13.506 loading class com/mojang/datafixers/OpticFinder
Event: 13.506 loading class com/mojang/datafixers/OpticFinder done
Event: 13.506 loading class com/mojang/datafixers/Typed
Event: 13.506 loading class com/mojang/datafixers/Typed done
Event: 13.506 loading class net/minecraft/util/datafix/fixes/ItemStackUUID
Event: 13.506 loading class net/minecraft/util/datafix/fixes/ItemStackUUID done
Event: 13.506 loading class net/minecraft/entity/EntityType
Event: 13.506 loading class net/minecraft/entity/EntityType done
Event: 13.507 Executing VM operation: ParallelGCFailedAllocation


Dynamic libraries:
0x00007ff6c9f20000 - 0x00007ff6c9f57000 	C:\Users\Megaport\Documents\Curse\Minecraft\Install\runtime\jre-legacy\windows-x64\jre-legacy\bin\javaw.exe
0x00007ffcbc6b0000 - 0x00007ffcbc8a5000 	C:\WINDOWS\SYSTEM32\ntdll.dll
0x00007ffcbc3a0000 - 0x00007ffcbc45e000 	C:\WINDOWS\System32\KERNEL32.DLL
0x00007ffcb9e20000 - 0x00007ffcba0e8000 	C:\WINDOWS\System32\KERNELBASE.dll
0x00007ffcbc500000 - 0x00007ffcbc5ae000 	C:\WINDOWS\System32\ADVAPI32.dll
0x00007ffcbc460000 - 0x00007ffcbc4fe000 	C:\WINDOWS\System32\msvcrt.dll
0x00007ffcbb190000 - 0x00007ffcbb22c000 	C:\WINDOWS\System32\sechost.dll
0x00007ffcbbb10000 - 0x00007ffcbbc35000 	C:\WINDOWS\System32\RPCRT4.dll
0x00007ffcbad90000 - 0x00007ffcbaf30000 	C:\WINDOWS\System32\USER32.dll
0x00007ffcb9dc0000 - 0x00007ffcb9de2000 	C:\WINDOWS\System32\win32u.dll
0x00007ffcba910000 - 0x00007ffcba93b000 	C:\WINDOWS\System32\GDI32.dll
0x00007ffcba0f0000 - 0x00007ffcba1fd000 	C:\WINDOWS\System32\gdi32full.dll
0x00007ffcba660000 - 0x00007ffcba6fd000 	C:\WINDOWS\System32\msvcp_win.dll
0x00007ffcba350000 - 0x00007ffcba450000 	C:\WINDOWS\System32\ucrtbase.dll
0x00007ffca43a0000 - 0x00007ffca463a000 	C:\WINDOWS\WinSxS\amd64_microsoft.windows.common-controls_6595b64144ccf1df_6.0.19041.1110_none_60b5254171f9507e\COMCTL32.dll
0x00007ffcbbc40000 - 0x00007ffcbbc70000 	C:\WINDOWS\System32\IMM32.DLL
0x0000000073340000 - 0x0000000073412000 	C:\Users\Megaport\Documents\Curse\Minecraft\Install\runtime\jre-legacy\windows-x64\jre-legacy\bin\msvcr100.dll
0x0000000072460000 - 0x0000000072ce3000 	C:\Users\Megaport\Documents\Curse\Minecraft\Install\runtime\jre-legacy\windows-x64\jre-legacy\bin\server\jvm.dll
0x00007ffcba820000 - 0x00007ffcba828000 	C:\WINDOWS\System32\PSAPI.DLL
0x00007ffcb4070000 - 0x00007ffcb4079000 	C:\WINDOWS\SYSTEM32\WSOCK32.dll
0x00007ffcb17d0000 - 0x00007ffcb17da000 	C:\WINDOWS\SYSTEM32\VERSION.dll
0x00007ffcba8a0000 - 0x00007ffcba90b000 	C:\WINDOWS\System32\WS2_32.dll
0x00007ffcada40000 - 0x00007ffcada67000 	C:\WINDOWS\SYSTEM32\WINMM.dll
0x0000000073680000 - 0x000000007368f000 	C:\Users\Megaport\Documents\Curse\Minecraft\Install\runtime\jre-legacy\windows-x64\jre-legacy\bin\verify.dll
0x0000000073650000 - 0x0000000073679000 	C:\Users\Megaport\Documents\Curse\Minecraft\Install\runtime\jre-legacy\windows-x64\jre-legacy\bin\java.dll
0x0000000073630000 - 0x0000000073646000 	C:\Users\Megaport\Documents\Curse\Minecraft\Install\runtime\jre-legacy\windows-x64\jre-legacy\bin\zip.dll
0x00007ffcbb310000 - 0x00007ffcbba54000 	C:\WINDOWS\System32\SHELL32.dll
0x00007ffcb7ed0000 - 0x00007ffcb8664000 	C:\WINDOWS\SYSTEM32\windows.storage.dll
0x00007ffcbaa30000 - 0x00007ffcbad85000 	C:\WINDOWS\System32\combase.dll
0x00007ffcb9810000 - 0x00007ffcb983e000 	C:\WINDOWS\SYSTEM32\Wldp.dll
0x00007ffcbba60000 - 0x00007ffcbbb0d000 	C:\WINDOWS\System32\SHCORE.dll
0x00007ffcba840000 - 0x00007ffcba895000 	C:\WINDOWS\System32\shlwapi.dll
0x00007ffcb9d00000 - 0x00007ffcb9d1f000 	C:\WINDOWS\SYSTEM32\profapi.dll
0x0000000073620000 - 0x000000007362d000 	C:\Users\Megaport\Documents\Curse\Minecraft\Install\runtime\jre-legacy\windows-x64\jre-legacy\bin\management.dll
0x0000000073110000 - 0x000000007312a000 	C:\Users\Megaport\Documents\Curse\Minecraft\Install\runtime\jre-legacy\windows-x64\jre-legacy\bin\net.dll
0x00007ffcb9570000 - 0x00007ffcb95da000 	C:\WINDOWS\system32\mswsock.dll
0x00007ffc8ffe0000 - 0x00007ffc8fff7000 	C:\WINDOWS\system32\napinsp.dll
0x00007ffc8ffc0000 - 0x00007ffc8ffdb000 	C:\WINDOWS\system32\pnrpnsp.dll
0x00007ffcb4f10000 - 0x00007ffcb4f25000 	C:\WINDOWS\system32\wshbth.dll
0x00007ffcb56b0000 - 0x00007ffcb56cd000 	C:\WINDOWS\system32\NLAapi.dll
0x00007ffcb9210000 - 0x00007ffcb924b000 	C:\WINDOWS\SYSTEM32\IPHLPAPI.DLL
0x00007ffcb9260000 - 0x00007ffcb932b000 	C:\WINDOWS\SYSTEM32\DNSAPI.dll
0x00007ffcba830000 - 0x00007ffcba838000 	C:\WINDOWS\System32\NSI.dll
0x00007ffc8ffa0000 - 0x00007ffc8ffb2000 	C:\WINDOWS\System32\winrnr.dll
0x00007ffcb21b0000 - 0x00007ffcb21ba000 	C:\Windows\System32\rasadhlp.dll
0x00007ffcaec10000 - 0x00007ffcaec8f000 	C:\WINDOWS\System32\fwpuclnt.dll
0x00007ffcb9df0000 - 0x00007ffcb9e17000 	C:\WINDOWS\System32\bcrypt.dll
0x00000000730f0000 - 0x0000000073101000 	C:\Users\Megaport\Documents\Curse\Minecraft\Install\runtime\jre-legacy\windows-x64\jre-legacy\bin\nio.dll
0x00000000730c0000 - 0x00000000730e4000 	C:\Users\Megaport\Documents\Curse\Minecraft\Install\runtime\jre-legacy\windows-x64\jre-legacy\bin\sunec.dll
0x00007ffcb9760000 - 0x00007ffcb9778000 	C:\WINDOWS\SYSTEM32\CRYPTSP.dll
0x00007ffcb8e80000 - 0x00007ffcb8eb4000 	C:\WINDOWS\system32\rsaenh.dll
0x00007ffcb9cc0000 - 0x00007ffcb9cee000 	C:\WINDOWS\SYSTEM32\USERENV.dll
0x00007ffcba250000 - 0x00007ffcba2d2000 	C:\WINDOWS\System32\bcryptprimitives.dll
0x00007ffcb9780000 - 0x00007ffcb978c000 	C:\WINDOWS\SYSTEM32\CRYPTBASE.dll
0x00007ffcb22d0000 - 0x00007ffcb22e7000 	C:\WINDOWS\SYSTEM32\dhcpcsvc6.DLL
0x00007ffcb21e0000 - 0x00007ffcb21fd000 	C:\WINDOWS\SYSTEM32\dhcpcsvc.DLL
0x00007ffcad060000 - 0x00007ffcad0d2000 	C:\Users\Megaport\Documents\Curse\Minecraft\Install\bin\b037-f9f5-c432-f418\lwjgl.dll
0x00007ffc3d870000 - 0x00007ffc3dac1000 	C:\Users\Megaport\Documents\Curse\Minecraft\Install\bin\b037-f9f5-c432-f418\jemalloc.dll
0x00007ffcacb70000 - 0x00007ffcacbce000 	C:\Users\Megaport\Documents\Curse\Minecraft\Install\bin\b037-f9f5-c432-f418\glfw.dll
0x00007ffcb77f0000 - 0x00007ffcb788e000 	C:\WINDOWS\system32\uxtheme.dll
0x00007ffc83d10000 - 0x00007ffc83d55000 	C:\WINDOWS\SYSTEM32\dinput8.dll
0x00007ffc9afa0000 - 0x00007ffc9afb1000 	C:\WINDOWS\SYSTEM32\xinput1_4.dll
0x00007ffcba200000 - 0x00007ffcba24e000 	C:\WINDOWS\System32\cfgmgr32.dll
0x00007ffcb9b60000 - 0x00007ffcb9b94000 	C:\WINDOWS\SYSTEM32\DEVOBJ.dll
0x00007ffcb79e0000 - 0x00007ffcb7a0f000 	C:\WINDOWS\SYSTEM32\dwmapi.dll
0x00007ffca9190000 - 0x00007ffca92e2000 	C:\WINDOWS\SYSTEM32\inputhost.dll
0x00007ffcbb230000 - 0x00007ffcbb2fd000 	C:\WINDOWS\System32\OLEAUT32.dll
0x00007ffcb5d10000 - 0x00007ffcb5e64000 	C:\WINDOWS\SYSTEM32\wintypes.dll
0x00007ffcb73d0000 - 0x00007ffcb74c2000 	C:\WINDOWS\SYSTEM32\CoreMessaging.dll
0x00007ffcb53e0000 - 0x00007ffcb54d6000 	C:\WINDOWS\SYSTEM32\PROPSYS.dll
0x00007ffcb7070000 - 0x00007ffcb73ce000 	C:\WINDOWS\SYSTEM32\CoreUIComponents.dll
0x00007ffcb8ab0000 - 0x00007ffcb8ae3000 	C:\WINDOWS\SYSTEM32\ntmarta.dll
0x00007ffcb7cd0000 - 0x00007ffcb7ce2000 	C:\WINDOWS\SYSTEM32\kernel.appcore.dll
0x00007ffcba700000 - 0x00007ffcba816000 	C:\WINDOWS\System32\MSCTF.dll
0x00007ffcb8670000 - 0x00007ffcb867d000 	C:\WINDOWS\SYSTEM32\HID.DLL
0x00007ffcbbcf0000 - 0x00007ffcbc162000 	C:\WINDOWS\System32\SETUPAPI.DLL
0x00007ffcba2e0000 - 0x00007ffcba349000 	C:\WINDOWS\System32\WINTRUST.dll
0x00007ffcba450000 - 0x00007ffcba5a6000 	C:\WINDOWS\System32\CRYPT32.dll
0x00007ffcb99a0000 - 0x00007ffcb99b2000 	C:\WINDOWS\SYSTEM32\MSASN1.dll
0x00007ffc8cfb0000 - 0x00007ffc8d0d5000 	C:\WINDOWS\SYSTEM32\opengl32.dll
0x00007ffcb4740000 - 0x00007ffcb476c000 	C:\WINDOWS\SYSTEM32\GLU32.dll
0x00007ffcbb0e0000 - 0x00007ffcbb189000 	C:\WINDOWS\System32\clbcatq.dll
0x00007ffc2ccf0000 - 0x00007ffc2fcaf000 	C:\WINDOWS\System32\DriverStore\FileRepository\nv_dispi.inf_amd64_0bc9105c62ca22fb\nvoglv64.dll
0x00007ffcbc170000 - 0x00007ffcbc29a000 	C:\WINDOWS\System32\ole32.dll
0x00007ffcb5010000 - 0x00007ffcb5024000 	C:\WINDOWS\SYSTEM32\WTSAPI32.dll
0x00007ffcb1790000 - 0x00007ffcb17c1000 	C:\WINDOWS\SYSTEM32\cryptnet.dll
0x00007ffcaec90000 - 0x00007ffcaedda000 	C:\WINDOWS\SYSTEM32\drvstore.dll
0x00007ffcaf6e0000 - 0x00007ffcaf71b000 	C:\WINDOWS\SYSTEM32\dxcore.dll
0x00007ffc89030000 - 0x00007ffc892f5000 	C:\WINDOWS\system32\nvspcap64.dll
0x00007ffcb9330000 - 0x00007ffcb937b000 	C:\WINDOWS\SYSTEM32\powrprof.dll
0x00007ffcb91f0000 - 0x00007ffcb9202000 	C:\WINDOWS\SYSTEM32\UMPDC.dll
0x00007ffcb8b60000 - 0x00007ffcb8bba000 	C:\WINDOWS\SYSTEM32\WINSTA.dll
0x00007ffcacaf0000 - 0x00007ffcacb6f000 	C:\Users\Megaport\Documents\Curse\Minecraft\Install\bin\b037-f9f5-c432-f418\lwjgl_stb.dll
0x00007ffcb16e0000 - 0x00007ffcb178e000 	C:\WINDOWS\SYSTEM32\mscms.dll
0x00007ffcb21c0000 - 0x00007ffcb21d1000 	C:\WINDOWS\SYSTEM32\ColorAdapterClient.dll
0x00007ffc8cb80000 - 0x00007ffc8cbc3000 	C:\WINDOWS\SYSTEM32\icm32.dll
0x00007ffcaee80000 - 0x00007ffcaef79000 	C:\WINDOWS\SYSTEM32\textinputframework.dll
0x00007ffcac8e0000 - 0x00007ffcac938000 	C:\Users\Megaport\Documents\Curse\Minecraft\Install\bin\b037-f9f5-c432-f418\lwjgl_opengl.dll
0x00007ffcb5b00000 - 0x00007ffcb5ce4000 	C:\WINDOWS\SYSTEM32\dbghelp.dll

VM Arguments:
jvm_args: -XX:HeapDumpPath=MojangTricksIntelDriversForPerformance_javaw.exe_minecraft.exe.heapdump -Dos.name=Windows 10 -Dos.version=10.0 -Xss1M -Djava.library.path=C:\Users\Megaport\Documents\Curse\Minecraft\Install\bin\b037-f9f5-c432-f418 -Dminecraft.launcher.brand=minecraft-launcher -Dminecraft.launcher.version=2.2.10677 -Xmx7168m -Xms256m -Dminecraft.applet.TargetDirectory=C:\Users\Megaport\Documents\Curse\Minecraft\Instances\Ex Nihilo We Grind -Dfml.ignorePatchDiscrepancies=true -Dfml.ignoreInvalidMinecraftCertificates=true -Duser.language=en -Duser.country=US -Dlog4j.configurationFile=C:\Users\Megaport\Documents\Curse\Minecraft\Install\assets\log_configs\client-1.12.xml 
java_command: cpw.mods.modlauncher.Launcher --username MrTimoKoko --version forge-36.2.22 --gameDir C:\Users\Megaport\Documents\Curse\Minecraft\Instances\Ex Nihilo We Grind --assetsDir C:\Users\Megaport\Documents\Curse\Minecraft\Install\assets --assetIndex 1.16 --uuid f51e643ba30e4d8b82bc98fb92932a3e --accessToken eyJhbGciOiJIUzI1NiJ9.eyJ4dWlkIjoiMjUzNTQ3MjI4OTcxNTU4NCIsImFnZyI6IkFkdWx0Iiwic3ViIjoiOGVkOGU5YWItMWE3NC00ZWYyLWFjNjAtZmEwZTJlYTJmMTU4IiwibmJmIjoxNjQ1ODcyNDA2LCJhdXRoIjoiWEJPWCIsInJvbGVzIjpbXSwiaXNzIjoiYXV0aGVudGljYXRpb24iLCJleHAiOjE2NDU5NTg4MDYsImlhdCI6MTY0NTg3MjQwNiwicGxhdGZvcm0iOiJQQ19MQVVOQ0hFUiIsInl1aWQiOiJkY2EzNWE0MjgxNDM0NDQwYmQ4NGYwOWQyZDFiODZhYyJ9.xoLLlCa2zqI0t3drAjCK8l2jRuO1V49X2n7F_oYN9mY --userType msa --versionType release --width 1000 --height 700 --launchTarget fmlclient --fml.forgeVersion 36.2.22 --fml.mcVersion 1.16.5 --fml.forgeGroup net.minecraftforge --fml.mcpVersion 20210115.111550
java_class_path (initial): C:\Users\Megaport\Documents\Curse\Minecraft\Install\libraries\net\minecraftforge\forge\1.16.5-36.2.22\forge-1.16.5-36.2.22.jar;C:\Users\Megaport\Documents\Curse\Minecraft\Install\libraries\org\ow2\asm\asm\9.1\asm-9.1.jar;C:\Users\Megaport\Documents\Curse\Minecraft\Install\libraries\org\ow2\asm\asm-commons\9.1\asm-commons-9.1.jar;C:\Users\Megaport\Documents\Curse\Minecraft\Install\libraries\org\ow2\asm\asm-tree\9.1\asm-tree-9.1.jar;C:\Users\Megaport\Documents\Curse\Minecraft\Install\libraries\org\ow2\asm\asm-util\9.1\asm-util-9.1.jar;C:\Users\Megaport\Documents\Curse\Minecraft\Install\libraries\org\ow2\asm\asm-analysis\9.1\asm-analysis-9.1.jar;C:\Users\Megaport\Documents\Curse\Minecraft\Install\libraries\cpw\mods\modlauncher\8.0.9\modlauncher-8.0.9.jar;C:\Users\Megaport\Documents\Curse\Minecraft\Install\libraries\cpw\mods\grossjava9hacks\1.3.3\grossjava9hacks-1.3.3.jar;C:\Users\Megaport\Documents\Curse\Minecraft\Install\libraries\net\minecraftforge\accesstransformers\3.0.1\accesstransformers-3.0.1.jar;C:\Users\Megaport\Documents\Curse\Minecraft\Install\libraries\org\antlr\antlr4-runtime\4.9.1\antlr4-runtime-4.9.1.jar;C:\Users\Megaport\Documents\Curse\Minecraft\Install\libraries\net\minecraftforge\eventbus\4.0.0\eventbus-4.0.0.jar;C:\Users\Megaport\Documents\Curse\Minecraft\Install\libraries\net\minecraftforge\forgespi\3.2.0\forgespi-3.2.0.jar;C:\Users\Megaport\Documents\Curse\Minecraft\Install\libraries\net\minecraftforge\coremods\4.0.6\coremods-4.0.6.jar;C:\Users\Megaport\Documents\Curse\Minecraft\Install\libraries\net\minecraftforge\unsafe\0.2.0\unsafe-0.2.0.jar;C:\Users\Megaport\Documents\Curse\Minecraft\Install\libraries\com\electronwill\night-config\core\3.6.3\core-3.6.3.jar;C:\Users\Megaport\Documents\Curse\Minecraft\Install\libraries\com\electronwill\night-config\toml\3.6.3\toml-3.6.3.jar;C:\Users\Megaport\Documents\Curse\Minecraft\Install\libraries\org\jline\jline\3.12.1\jline-3.12.1.jar;C:\Users\Megaport\Documents\Curse\Minecraft
Launcher Type: SUN_STANDARD

Environment Variables:
PATH=C:\Program Files (x86)\Razer Chroma SDK\bin;C:\Program Files\Razer Chroma SDK\bin;C:\Program Files (x86)\Razer\ChromaBroadcast\bin;C:\Program Files\Razer\ChromaBroadcast\bin;C:\Program Files (x86)\Common Files\Oracle\Java\javapath;C:\ProgramData\Oracle\Java\javapath;C:\Program Files (x86)\Intel\iCLS Client\;C:\Program Files\Intel\iCLS Client\;C:\Windows\system32;C:\Windows;C:\Windows\System32\Wbem;C:\Windows\System32\WindowsPowerShell\v1.0\;C:\Program Files (x86)\Intel\Intel(R) Management Engine Components\DAL;C:\Program Files\Intel\Intel(R) Management Engine Components\DAL;C:\Program Files (x86)\Intel\Intel(R) Management Engine Components\IPT;C:\Program Files\Intel\Intel(R) Management Engine Components\IPT;C:\Program Files (x86)\NVIDIA Corporation\PhysX\Common;C:\WINDOWS\system32;C:\WINDOWS;C:\WINDOWS\System32\Wbem;C:\WINDOWS\System32\WindowsPowerShell\v1.0\;C:\WINDOWS\System32\OpenSSH\;C:\Program Files\NVIDIA Corporation\NVIDIA NvDLISR;C:\WINDOWS\system32;C:\WINDOWS;C:\WINDOWS\System32\Wbem;C:\WINDOWS\System32\WindowsPowerShell\v1.0\;C:\WINDOWS\System32\OpenSSH\;C:\Program Files\dotnet\;C:\Program Files\AdoptOpenJDK\jdk-8.0.222.10-hotspot\bin;F:\Programme\Git\Git\cmd;C:\WINDOWS\system32\config\systemprofile\AppData\Local\Microsoft\WindowsApps;C:\Program Files (x86)\dotnet\;C:\Users\Megaport\AppData\Local\Microsoft\WindowsApps;C:\Users\Megaport\AppData\Local\GitHubDesktop\bin;C:\Users\Megaport\AppData\Local\Microsoft\WindowsApps;F:\Programme\Python;F:\Programme\Python\Scripts;C:\Users\Megaport\.dotnet\tools;C:\Users\Megaport\AppData\Local\gitkraken\bin
USERNAME=Timo
OS=Windows_NT
PROCESSOR_IDENTIFIER=AMD64 Family 23 Model 1 Stepping 1, AuthenticAMD



---------------  S Y S T E M  ---------------

OS: Windows 10.0 , 64 bit Build 19041 (10.0.19041.1503)

CPU:total 12 (12 cores per cpu, 1 threads per core) family 23 model 1 stepping 1, cmov, cx8, fxsr, mmx, sse, sse2, sse3, ssse3, sse4.1, sse4.2, popcnt, avx, avx2, aes, clmul, mmxext, 3dnowpref, lzcnt, sse4a, tsc, tscinvbit, tscinv, bmi1

Memory: 4k page, physical 16711912k(8251376k free), swap 22479080k(8542888k free)

vm_info: Java HotSpot(TM) 64-Bit Server VM (25.51-b03) for windows-amd64 JRE (1.8.0_51-b16), built on Jun  8 2015 18:03:07 by "java_re" with MS VC++ 10.0 (VS2010)

time: Sat Feb 26 11:46:54 2022
elapsed time: 13 seconds (0d 0h 0m 13s)

